ZBSmartLiveSDKDemo/app/build/outputs/logs/manifest-merger-debug-report.txt
-- Merging decision tree log ---
manifest
ADDED from src/main/AndroidManifest.xml:2:1-80:12
	package
		ADDED from src/main/AndroidManifest.xml:3:11-57
		INJECTED from src/main/AndroidManifest.xml
		INJECTED from src/main/AndroidManifest.xml
	android:versionName
		INJECTED from src/main/AndroidManifest.xml
		INJECTED from src/main/AndroidManifest.xml
	xmlns:android
		ADDED from src/main/AndroidManifest.xml:2:11-69
	android:versionCode
		INJECTED from src/main/AndroidManifest.xml
		INJECTED from src/main/AndroidManifest.xml
uses-permission#android.permission.ACCESS_FINE_LOCATION
ADDED from src/main/AndroidManifest.xml:5:5-78
	android:name
		ADDED from src/main/AndroidManifest.xml:5:22-76
uses-permission#android.permission.ACCESS_COARSE_LOCATION
ADDED from src/main/AndroidManifest.xml:6:5-80
	android:name
		ADDED from src/main/AndroidManifest.xml:6:22-78
uses-permission#android.permission.INTERNET
ADDED from src/main/AndroidManifest.xml:7:5-66
	android:name
		ADDED from src/main/AndroidManifest.xml:7:22-64
uses-permission#android.permission.CAMERA
ADDED from src/main/AndroidManifest.xml:8:5-64
	android:name
		ADDED from src/main/AndroidManifest.xml:8:22-62
uses-permission#android.permission.WRITE_EXTERNAL_STORAGE
ADDED from src/main/AndroidManifest.xml:9:5-80
	android:name
		ADDED from src/main/AndroidManifest.xml:9:22-78
uses-permission#android.permission.READ_EXTERNAL_STORAGE
ADDED from src/main/AndroidManifest.xml:10:5-79
	android:name
		ADDED from src/main/AndroidManifest.xml:10:22-77
uses-permission#android.permission.RECORD_AUDIO
ADDED from src/main/AndroidManifest.xml:11:5-70
	android:name
		ADDED from src/main/AndroidManifest.xml:11:22-68
uses-permission#android.permission.WAKE_LOCK
ADDED from src/main/AndroidManifest.xml:12:5-67
	android:name
		ADDED from src/main/AndroidManifest.xml:12:22-65
uses-permission#android.permission.ACCESS_NETWORK_STATE
ADDED from src/main/AndroidManifest.xml:13:5-78
	android:name
		ADDED from src/main/AndroidManifest.xml:13:22-76
uses-permission#android.permission.ACCESS_WIFI_STATE
ADDED from src/main/AndroidManifest.xml:14:5-75
	android:name
		ADDED from src/main/AndroidManifest.xml:14:22-73
uses-permission#android.permission.CHANGE_WIFI_STATE
ADDED from src/main/AndroidManifest.xml:15:5-75
	android:name
		ADDED from src/main/AndroidManifest.xml:15:22-73
uses-permission#android.permission.READ_PHONE_STATE
ADDED from src/main/AndroidManifest.xml:16:5-74
	android:name
		ADDED from src/main/AndroidManifest.xml:16:22-72
uses-permission#android.permission.READ_LOGS
ADDED from src/main/AndroidManifest.xml:17:5-67
	android:name
		ADDED from src/main/AndroidManifest.xml:17:22-65
uses-permission#android.permission.GET_TASKS
ADDED from src/main/AndroidManifest.xml:18:5-67
	android:name
		ADDED from src/main/AndroidManifest.xml:18:22-65
uses-permission#android.permission.MANAGE_ACCOUNTS
ADDED from src/main/AndroidManifest.xml:19:5-73
	android:name
		ADDED from src/main/AndroidManifest.xml:19:22-71
uses-permission#android.permission.GET_ACCOUNTS
ADDED from src/main/AndroidManifest.xml:20:5-70
	android:name
		ADDED from src/main/AndroidManifest.xml:20:22-68
uses-feature#android.hardware.camera.autofocus
ADDED from src/main/AndroidManifest.xml:22:5-69
	android:name
		ADDED from src/main/AndroidManifest.xml:22:19-67
uses-feature#0x00020000
ADDED from src/main/AndroidManifest.xml:23:5-25:34
	android:glEsVersion
		ADDED from src/main/AndroidManifest.xml:24:9-41
	android:required
		ADDED from src/main/AndroidManifest.xml:25:9-32
application
ADDED from src/main/AndroidManifest.xml:27:5-78:19
MERGED from [com.android.support:appcompat-v7:23.4.0] AndroidManifest.xml:25:5-20
MERGED from [com.android.support:animated-vector-drawable:23.4.0] AndroidManifest.xml:7:5-20
MERGED from [com.android.support:support-vector-drawable:23.4.0] AndroidManifest.xml:7:5-20
MERGED from [com.android.support:support-v4:23.4.0] AndroidManifest.xml:22:5-20
MERGED from [com.android.support:support-v4:23.4.0] AndroidManifest.xml:22:5-20
MERGED from [com.android.support:support-vector-drawable:23.4.0] AndroidManifest.xml:7:5-20
MERGED from [com.android.support:support-v4:23.4.0] AndroidManifest.xml:22:5-20
MERGED from [com.android.support:support-v4:23.4.0] AndroidManifest.xml:22:5-20
	android:label
		ADDED from src/main/AndroidManifest.xml:31:9-41
	android:supportsRtl
		ADDED from src/main/AndroidManifest.xml:32:9-35
	android:allowBackup
		ADDED from src/main/AndroidManifest.xml:29:9-35
	android:icon
		ADDED from src/main/AndroidManifest.xml:30:9-43
	android:theme
		ADDED from src/main/AndroidManifest.xml:33:9-40
	android:name
		ADDED from src/main/AndroidManifest.xml:28:9-40
activity#com.zhiyicx.zhibo.zbsmartlivesdkdemo.activity.MainActivity
ADDED from src/main/AndroidManifest.xml:34:9-40:20
	android:name
		ADDED from src/main/AndroidManifest.xml:34:19-56
intent-filter#android.intent.action.MAIN+android.intent.category.LAUNCHER
ADDED from src/main/AndroidManifest.xml:35:13-39:29
action#android.intent.action.MAIN
ADDED from src/main/AndroidManifest.xml:36:17-68
	android:name
		ADDED from src/main/AndroidManifest.xml:36:25-66
category#android.intent.category.LAUNCHER
ADDED from src/main/AndroidManifest.xml:38:17-76
	android:name
		ADDED from src/main/AndroidManifest.xml:38:27-74
activity#com.zhiyicx.zhibo.zbsmartlivesdkdemo.activity.TestCameraStremingActivity
ADDED from src/main/AndroidManifest.xml:41:9-43:51
	android:screenOrientation
		ADDED from src/main/AndroidManifest.xml:43:13-49
	android:name
		ADDED from src/main/AndroidManifest.xml:42:13-64
activity#com.zhiyicx.zhibo.zbsmartlivesdkdemo.activity.VideoViewPlayerActivity
ADDED from src/main/AndroidManifest.xml:44:9-45:20
	android:name
		ADDED from src/main/AndroidManifest.xml:44:19-67
activity#com.zhiyicx.zhibo.zbsmartlivesdkdemo.activity.TextureViewActivity
ADDED from src/main/AndroidManifest.xml:46:9-47:20
	android:name
		ADDED from src/main/AndroidManifest.xml:46:19-63
activity#com.zhiyicx.zhibo.zbsmartlivesdkdemo.activity.VideoFileActivity
ADDED from src/main/AndroidManifest.xml:48:9-49:20
	android:name
		ADDED from src/main/AndroidManifest.xml:48:19-61
service#com.zhiyicx.imsdk.service.SocketService
ADDED from src/main/AndroidManifest.xml:52:9-74
	android:name
		ADDED from src/main/AndroidManifest.xml:52:18-72
service#com.zhiyicx.zhibosdk.service.UpdateService
ADDED from src/main/AndroidManifest.xml:54:9-77
	android:name
		ADDED from src/main/AndroidManifest.xml:54:18-75
receiver#com.zhiyicx.imsdk.receiver.NetChangeReceiver
ADDED from src/main/AndroidManifest.xml:56:9-63:20
	android:label
		ADDED from src/main/AndroidManifest.xml:58:13-46
	android:name
		ADDED from src/main/AndroidManifest.xml:57:13-72
intent-filter#android.intent.action.USER_PRESENT+android.net.conn.CONNECTIVITY_CHANGE
ADDED from src/main/AndroidManifest.xml:59:13-62:29
action#android.net.conn.CONNECTIVITY_CHANGE
ADDED from src/main/AndroidManifest.xml:60:17-78
	android:name
		ADDED from src/main/AndroidManifest.xml:60:25-76
action#android.intent.action.USER_PRESENT
ADDED from src/main/AndroidManifest.xml:61:17-76
	android:name
		ADDED from src/main/AndroidManifest.xml:61:25-74
meta-data#ZHIBO_APPID
ADDED from src/main/AndroidManifest.xml:65:9-67:51
	android:value
		ADDED from src/main/AndroidManifest.xml:67:13-49
	android:name
		ADDED from src/main/AndroidManifest.xml:66:13-39
meta-data#ZHIBO_APPTOKEN
ADDED from src/main/AndroidManifest.xml:68:9-70:53
	android:value
		ADDED from src/main/AndroidManifest.xml:70:13-51
	android:name
		ADDED from src/main/AndroidManifest.xml:69:13-42
activity#com.zhiyicx.zhibo.zbsmartlivesdkdemo.activity.Live.LiveListActivity
ADDED from src/main/AndroidManifest.xml:72:9-73:20
	android:name
		ADDED from src/main/AndroidManifest.xml:72:19-65
activity#com.zhiyicx.zhibo.zbsmartlivesdkdemo.activity.Live.StartLiveActivity
ADDED from src/main/AndroidManifest.xml:74:9-75:20
	android:name
		ADDED from src/main/AndroidManifest.xml:74:19-66
activity#com.zhiyicx.zhibo.zbsmartlivesdkdemo.activity.Live.WatchLiveActivity
ADDED from src/main/AndroidManifest.xml:76:9-77:20
	android:name
		ADDED from src/main/AndroidManifest.xml:76:19-66
uses-sdk
INJECTED from src/main/AndroidManifest.xml reason: use-sdk injection requested
MERGED from [com.android.support:appcompat-v7:23.4.0] AndroidManifest.xml:21:5-23:78
MERGED from [com.android.support:animated-vector-drawable:23.4.0] AndroidManifest.xml:5:5-44
MERGED from [com.android.support:support-vector-drawable:23.4.0] AndroidManifest.xml:5:5-43
MERGED from [com.android.support:support-v4:23.4.0] AndroidManifest.xml:20:5-43
MERGED from [com.android.support:support-v4:23.4.0] AndroidManifest.xml:20:5-43
MERGED from [com.android.support:support-vector-drawable:23.4.0] AndroidManifest.xml:5:5-43
MERGED from [com.android.support:support-v4:23.4.0] AndroidManifest.xml:20:5-43
MERGED from [com.android.support:recyclerview-v7:23.1.1] AndroidManifest.xml:20:5-43
MERGED from [com.android.support:support-v4:23.4.0] AndroidManifest.xml:20:5-43
MERGED from [io.reactivex:rxandroid:1.1.0] AndroidManifest.xml:19:5-43
MERGED from [org.simple:androideventbus:1.0.5.1] AndroidManifest.xml:7:5-9:40
	tools:overrideLibrary
		ADDED from [com.android.support:appcompat-v7:23.4.0] AndroidManifest.xml:23:9-75
	android:targetSdkVersion
		INJECTED from src/main/AndroidManifest.xml
		INJECTED from src/main/AndroidManifest.xml
	android:minSdkVersion
		INJECTED from src/main/AndroidManifest.xml
		INJECTED from src/main/AndroidManifest.xml